<?xml version="1.0" encoding="UTF-8"?>
<!-- Generated by org.testng.reporters.JUnitReportReporter -->
<testsuite hostname="LTIN458472" failures="0" tests="1" name="com.herokuapp.theinternet.PositiveTests" time="18.161" errors="0" timestamp="2024-08-23T16:01:39 IST" skipped="0">
  <testcase classname="com.herokuapp.theinternet.PositiveTests" name="loginTest" time="18.161"/>
</testsuite> <!-- com.herokuapp.theinternet.PositiveTests -->
