<?xml version="1.0" encoding="UTF-8"?>
<!-- Generated by org.testng.reporters.JUnitReportReporter -->
<testsuite hostname="LTIN458472" failures="0" tests="3" name="com.herokuapp.theinternet.LoginTests" time="66.125" errors="0" timestamp="2024-08-23T16:12:40 IST" skipped="0">
  <testcase classname="com.herokuapp.theinternet.LoginTests" name="positiveLoginTest" time="17.946"/>
  <testcase classname="com.herokuapp.theinternet.LoginTests" name="negativeLoginTest" time="11.392"/>
  <testcase classname="com.herokuapp.theinternet.LoginTests" name="negativeLoginTest" time="36.787"/>
</testsuite> <!-- com.herokuapp.theinternet.LoginTests -->
